
**** Build of configuration Debug for project CCSOLVI_Raw ****

"C:\\ti\\ccsv5\\utils\\bin\\gmake" -k all 
'Building file: ../F2806x_Adc.c'
'Invoking: C2000 Compiler'
"C:/ti/ccsv5/tools/compiler/c2000_6.2.0/bin/cl2000" -v28 -ml -mt --cla_support=cla0 --float_support=fpu32 --vcu_support=vcu0 -g --include_path="C:/ti/ccsv5/tools/compiler/c2000_6.2.0/include" --include_path="/packages/ti/xdais" --include_path="C:/ti/controlSUITE/device_support/f2806x/v130/F2806x_headers/include" --include_path="C:/ti/controlSUITE/device_support/f2806x/v130/F2806x_common/include" --include_path="C:/ti/controlSUITE/libs/math/IQmath/v15c/include" --include_path="C:/ti/controlSUITE/libs/math/FPUfastRTS/v100/include" --define=_DEBUG --define=LARGE_MODEL --quiet --verbose_diagnostics --diag_warning=225 --issue_remarks --output_all_syms --cdebug_asm_data --preproc_with_compile --preproc_dependency="F2806x_Adc.pp"  "../F2806x_Adc.c"
'Finished building: ../F2806x_Adc.c'
' '
'Building file: ../F2806x_CodeStartBranch.asm'
'Invoking: C2000 Compiler'
"C:/ti/ccsv5/tools/compiler/c2000_6.2.0/bin/cl2000" -v28 -ml -mt --cla_support=cla0 --float_support=fpu32 --vcu_support=vcu0 -g --include_path="C:/ti/ccsv5/tools/compiler/c2000_6.2.0/include" --include_path="/packages/ti/xdais" --include_path="C:/ti/controlSUITE/device_support/f2806x/v130/F2806x_headers/include" --include_path="C:/ti/controlSUITE/device_support/f2806x/v130/F2806x_common/include" --include_path="C:/ti/controlSUITE/libs/math/IQmath/v15c/include" --include_path="C:/ti/controlSUITE/libs/math/FPUfastRTS/v100/include" --define=_DEBUG --define=LARGE_MODEL --quiet --verbose_diagnostics --diag_warning=225 --issue_remarks --output_all_syms --cdebug_asm_data --preproc_with_compile --preproc_dependency="F2806x_CodeStartBranch.pp"  "../F2806x_CodeStartBranch.asm"
'Finished building: ../F2806x_CodeStartBranch.asm'
' '
'Building file: ../F2806x_CpuTimers.c'
'Invoking: C2000 Compiler'
"C:/ti/ccsv5/tools/compiler/c2000_6.2.0/bin/cl2000" -v28 -ml -mt --cla_support=cla0 --float_support=fpu32 --vcu_support=vcu0 -g --include_path="C:/ti/ccsv5/tools/compiler/c2000_6.2.0/include" --include_path="/packages/ti/xdais" --include_path="C:/ti/controlSUITE/device_support/f2806x/v130/F2806x_headers/include" --include_path="C:/ti/controlSUITE/device_support/f2806x/v130/F2806x_common/include" --include_path="C:/ti/controlSUITE/libs/math/IQmath/v15c/include" --include_path="C:/ti/controlSUITE/libs/math/FPUfastRTS/v100/include" --define=_DEBUG --define=LARGE_MODEL --quiet --verbose_diagnostics --diag_warning=225 --issue_remarks --output_all_syms --cdebug_asm_data --preproc_with_compile --preproc_dependency="F2806x_CpuTimers.pp"  "../F2806x_CpuTimers.c"
'Finished building: ../F2806x_CpuTimers.c'
' '
'Building file: ../F2806x_DefaultIsr.c'
'Invoking: C2000 Compiler'
"C:/ti/ccsv5/tools/compiler/c2000_6.2.0/bin/cl2000" -v28 -ml -mt --cla_support=cla0 --float_support=fpu32 --vcu_support=vcu0 -g --include_path="C:/ti/ccsv5/tools/compiler/c2000_6.2.0/include" --include_path="/packages/ti/xdais" --include_path="C:/ti/controlSUITE/device_support/f2806x/v130/F2806x_headers/include" --include_path="C:/ti/controlSUITE/device_support/f2806x/v130/F2806x_common/include" --include_path="C:/ti/controlSUITE/libs/math/IQmath/v15c/include" --include_path="C:/ti/controlSUITE/libs/math/FPUfastRTS/v100/include" --define=_DEBUG --define=LARGE_MODEL --quiet --verbose_diagnostics --diag_warning=225 --issue_remarks --output_all_syms --cdebug_asm_data --preproc_with_compile --preproc_dependency="F2806x_DefaultIsr.pp"  "../F2806x_DefaultIsr.c"
'Finished building: ../F2806x_DefaultIsr.c'
' '
'Building file: ../F2806x_EPwm.c'
'Invoking: C2000 Compiler'
"C:/ti/ccsv5/tools/compiler/c2000_6.2.0/bin/cl2000" -v28 -ml -mt --cla_support=cla0 --float_support=fpu32 --vcu_support=vcu0 -g --include_path="C:/ti/ccsv5/tools/compiler/c2000_6.2.0/include" --include_path="/packages/ti/xdais" --include_path="C:/ti/controlSUITE/device_support/f2806x/v130/F2806x_headers/include" --include_path="C:/ti/controlSUITE/device_support/f2806x/v130/F2806x_common/include" --include_path="C:/ti/controlSUITE/libs/math/IQmath/v15c/include" --include_path="C:/ti/controlSUITE/libs/math/FPUfastRTS/v100/include" --define=_DEBUG --define=LARGE_MODEL --quiet --verbose_diagnostics --diag_warning=225 --issue_remarks --output_all_syms --cdebug_asm_data --preproc_with_compile --preproc_dependency="F2806x_EPwm.pp"  "../F2806x_EPwm.c"
"C:\ti\controlSUITE\device_support\f2806x\v130\F2806x_common\include\F2806x_Cla_typedefs.h", line 79: warning: 
          typedef name has already been declared (with same type)
  typedef unsigned long long Uint64;
                             ^

'Finished building: ../F2806x_EPwm.c'
' '
'Building file: ../F2806x_EQep.c'
'Invoking: C2000 Compiler'
"C:/ti/ccsv5/tools/compiler/c2000_6.2.0/bin/cl2000" -v28 -ml -mt --cla_support=cla0 --float_support=fpu32 --vcu_support=vcu0 -g --include_path="C:/ti/ccsv5/tools/compiler/c2000_6.2.0/include" --include_path="/packages/ti/xdais" --include_path="C:/ti/controlSUITE/device_support/f2806x/v130/F2806x_headers/include" --include_path="C:/ti/controlSUITE/device_support/f2806x/v130/F2806x_common/include" --include_path="C:/ti/controlSUITE/libs/math/IQmath/v15c/include" --include_path="C:/ti/controlSUITE/libs/math/FPUfastRTS/v100/include" --define=_DEBUG --define=LARGE_MODEL --quiet --verbose_diagnostics --diag_warning=225 --issue_remarks --output_all_syms --cdebug_asm_data --preproc_with_compile --preproc_dependency="F2806x_EQep.pp"  "../F2806x_EQep.c"
'Finished building: ../F2806x_EQep.c'
' '
'Building file: ../F2806x_GlobalVariableDefs.c'
'Invoking: C2000 Compiler'
"C:/ti/ccsv5/tools/compiler/c2000_6.2.0/bin/cl2000" -v28 -ml -mt --cla_support=cla0 --float_support=fpu32 --vcu_support=vcu0 -g --include_path="C:/ti/ccsv5/tools/compiler/c2000_6.2.0/include" --include_path="/packages/ti/xdais" --include_path="C:/ti/controlSUITE/device_support/f2806x/v130/F2806x_headers/include" --include_path="C:/ti/controlSUITE/device_support/f2806x/v130/F2806x_common/include" --include_path="C:/ti/controlSUITE/libs/math/IQmath/v15c/include" --include_path="C:/ti/controlSUITE/libs/math/FPUfastRTS/v100/include" --define=_DEBUG --define=LARGE_MODEL --quiet --verbose_diagnostics --diag_warning=225 --issue_remarks --output_all_syms --cdebug_asm_data --preproc_with_compile --preproc_dependency="F2806x_GlobalVariableDefs.pp"  "../F2806x_GlobalVariableDefs.c"
'Finished building: ../F2806x_GlobalVariableDefs.c'
' '
'Building file: ../F2806x_PieCtrl.c'
'Invoking: C2000 Compiler'
"C:/ti/ccsv5/tools/compiler/c2000_6.2.0/bin/cl2000" -v28 -ml -mt --cla_support=cla0 --float_support=fpu32 --vcu_support=vcu0 -g --include_path="C:/ti/ccsv5/tools/compiler/c2000_6.2.0/include" --include_path="/packages/ti/xdais" --include_path="C:/ti/controlSUITE/device_support/f2806x/v130/F2806x_headers/include" --include_path="C:/ti/controlSUITE/device_support/f2806x/v130/F2806x_common/include" --include_path="C:/ti/controlSUITE/libs/math/IQmath/v15c/include" --include_path="C:/ti/controlSUITE/libs/math/FPUfastRTS/v100/include" --define=_DEBUG --define=LARGE_MODEL --quiet --verbose_diagnostics --diag_warning=225 --issue_remarks --output_all_syms --cdebug_asm_data --preproc_with_compile --preproc_dependency="F2806x_PieCtrl.pp"  "../F2806x_PieCtrl.c"
'Finished building: ../F2806x_PieCtrl.c'
' '
'Building file: ../F2806x_PieVect.c'
'Invoking: C2000 Compiler'
"C:/ti/ccsv5/tools/compiler/c2000_6.2.0/bin/cl2000" -v28 -ml -mt --cla_support=cla0 --float_support=fpu32 --vcu_support=vcu0 -g --include_path="C:/ti/ccsv5/tools/compiler/c2000_6.2.0/include" --include_path="/packages/ti/xdais" --include_path="C:/ti/controlSUITE/device_support/f2806x/v130/F2806x_headers/include" --include_path="C:/ti/controlSUITE/device_support/f2806x/v130/F2806x_common/include" --include_path="C:/ti/controlSUITE/libs/math/IQmath/v15c/include" --include_path="C:/ti/controlSUITE/libs/math/FPUfastRTS/v100/include" --define=_DEBUG --define=LARGE_MODEL --quiet --verbose_diagnostics --diag_warning=225 --issue_remarks --output_all_syms --cdebug_asm_data --preproc_with_compile --preproc_dependency="F2806x_PieVect.pp"  "../F2806x_PieVect.c"
'Finished building: ../F2806x_PieVect.c'
' '
'Building file: ../F2806x_SysCtrl.c'
'Invoking: C2000 Compiler'
"C:/ti/ccsv5/tools/compiler/c2000_6.2.0/bin/cl2000" -v28 -ml -mt --cla_support=cla0 --float_support=fpu32 --vcu_support=vcu0 -g --include_path="C:/ti/ccsv5/tools/compiler/c2000_6.2.0/include" --include_path="/packages/ti/xdais" --include_path="C:/ti/controlSUITE/device_support/f2806x/v130/F2806x_headers/include" --include_path="C:/ti/controlSUITE/device_support/f2806x/v130/F2806x_common/include" --include_path="C:/ti/controlSUITE/libs/math/IQmath/v15c/include" --include_path="C:/ti/controlSUITE/libs/math/FPUfastRTS/v100/include" --define=_DEBUG --define=LARGE_MODEL --quiet --verbose_diagnostics --diag_warning=225 --issue_remarks --output_all_syms --cdebug_asm_data --preproc_with_compile --preproc_dependency="F2806x_SysCtrl.pp"  "../F2806x_SysCtrl.c"
'Finished building: ../F2806x_SysCtrl.c'
' '
'Building file: ../F2806x_usDelay.asm'
'Invoking: C2000 Compiler'
"C:/ti/ccsv5/tools/compiler/c2000_6.2.0/bin/cl2000" -v28 -ml -mt --cla_support=cla0 --float_support=fpu32 --vcu_support=vcu0 -g --include_path="C:/ti/ccsv5/tools/compiler/c2000_6.2.0/include" --include_path="/packages/ti/xdais" --include_path="C:/ti/controlSUITE/device_support/f2806x/v130/F2806x_headers/include" --include_path="C:/ti/controlSUITE/device_support/f2806x/v130/F2806x_common/include" --include_path="C:/ti/controlSUITE/libs/math/IQmath/v15c/include" --include_path="C:/ti/controlSUITE/libs/math/FPUfastRTS/v100/include" --define=_DEBUG --define=LARGE_MODEL --quiet --verbose_diagnostics --diag_warning=225 --issue_remarks --output_all_syms --cdebug_asm_data --preproc_with_compile --preproc_dependency="F2806x_usDelay.pp"  "../F2806x_usDelay.asm"
'Finished building: ../F2806x_usDelay.asm'
' '
'Building file: ../main.c'
'Invoking: C2000 Compiler'
"C:/ti/ccsv5/tools/compiler/c2000_6.2.0/bin/cl2000" -v28 -ml -mt --cla_support=cla0 --float_support=fpu32 --vcu_support=vcu0 -g --include_path="C:/ti/ccsv5/tools/compiler/c2000_6.2.0/include" --include_path="/packages/ti/xdais" --include_path="C:/ti/controlSUITE/device_support/f2806x/v130/F2806x_headers/include" --include_path="C:/ti/controlSUITE/device_support/f2806x/v130/F2806x_common/include" --include_path="C:/ti/controlSUITE/libs/math/IQmath/v15c/include" --include_path="C:/ti/controlSUITE/libs/math/FPUfastRTS/v100/include" --define=_DEBUG --define=LARGE_MODEL --quiet --verbose_diagnostics --diag_warning=225 --issue_remarks --output_all_syms --cdebug_asm_data --preproc_with_compile --preproc_dependency="main.pp"  "../main.c"
'Finished building: ../main.c'
' '
'Building target: Example_2806xAdcSoc.out'
'Invoking: C2000 Linker'
"C:/ti/ccsv5/tools/compiler/c2000_6.2.0/bin/cl2000" -v28 -ml -mt --cla_support=cla0 --float_support=fpu32 --vcu_support=vcu0 -g --define=_DEBUG --define=LARGE_MODEL --quiet --verbose_diagnostics --diag_warning=225 --issue_remarks --output_all_syms --cdebug_asm_data -z --stack_size=0x200 -m"Example_2806xAdcSoc.map" --warn_sections -i"C:/ti/ccsv5/tools/compiler/c2000_6.2.0/lib" -i"C:/ti/ccsv5/tools/compiler/c2000_6.2.0/include" -i"C:/ti/controlSUITE/device_support/f2806x/v130/F2806x_common/lib" -i"C:/ti/controlSUITE/libs/math/IQmath/v15c/lib" -i"C:/ti/controlSUITE/libs/math/FPUfastRTS/v100/lib" --reread_libs --priority --verbose_diagnostics --issue_remarks --xml_link_info="Example_2806xAdcSoc_linkInfo.xml" --entry_point=code_start --rom_model -o "Example_2806xAdcSoc.out"  "./main.obj" "./F2806x_usDelay.obj" "./F2806x_SysCtrl.obj" "./F2806x_PieVect.obj" "./F2806x_PieCtrl.obj" "./F2806x_GlobalVariableDefs.obj" "./F2806x_EQep.obj" "./F2806x_EPwm.obj" "./F2806x_DefaultIsr.obj" "./F2806x_CpuTimers.obj" "./F2806x_CodeStartBranch.obj" "./F2806x_Adc.obj" "../F28069.cmd" "../F2806x_Headers_nonBIOS.cmd" -lrts2800_fpu32.lib -lIQmath_fpu32.lib -lrts2800_fpu32_fast_supplement.lib 
warning: entry-point symbol other than "_c_int00" specified:  "code_start"
'Finished building target: Example_2806xAdcSoc.out'
' '

**** Build Finished ****
